c:\users\hamza\desktop\object oriented systems development\airplane client\airplane client\airplane client\debug\airplane client.pch
c:\users\hamza\desktop\object oriented systems development\airplane client\airplane client\airplane client\debug\vc140.pdb
c:\users\hamza\desktop\object oriented systems development\airplane client\airplane client\airplane client\debug\vc140.idb
c:\users\hamza\desktop\object oriented systems development\airplane client\airplane client\airplane client\debug\stdafx.obj
c:\users\hamza\desktop\object oriented systems development\airplane client\airplane client\airplane client\debug\distance.obj
c:\users\hamza\desktop\object oriented systems development\airplane client\airplane client\airplane client\debug\fuel.obj
c:\users\hamza\desktop\object oriented systems development\airplane client\airplane client\airplane client\debug\latitudelongitude.obj
c:\users\hamza\desktop\object oriented systems development\airplane client\airplane client\airplane client\debug\networkservices.obj
c:\users\hamza\desktop\object oriented systems development\airplane client\airplane client\airplane client\debug\observer.obj
c:\users\hamza\desktop\object oriented systems development\airplane client\airplane client\airplane client\debug\speed.obj
c:\users\hamza\desktop\object oriented systems development\airplane client\airplane client\airplane client\debug\temperature.obj
c:\users\hamza\desktop\object oriented systems development\airplane client\airplane client\airplane client\debug\timemonitor.obj
c:\users\hamza\desktop\object oriented systems development\airplane client\airplane client\airplane client\debug\altitude.obj
c:\users\hamza\desktop\object oriented systems development\airplane client\airplane client\airplane client\debug\client.obj
c:\users\hamza\desktop\object oriented systems development\airplane client\airplane client\airplane client\debug\networkdata.obj
c:\users\hamza\desktop\object oriented systems development\airplane client\airplane client\airplane client\debug\airplane client.obj
c:\users\hamza\desktop\object oriented systems development\airplane client\airplane client\airplane client\debug\clientnetwork.obj
c:\users\hamza\desktop\object oriented systems development\airplane client\airplane client\debug\airplane client.ilk
c:\users\hamza\desktop\object oriented systems development\airplane client\airplane client\debug\airplane client.exe
c:\users\hamza\desktop\object oriented systems development\airplane client\airplane client\debug\airplane client.pdb
c:\users\hamza\desktop\object oriented systems development\airplane client\airplane client\airplane client\debug\airplane client.tlog\cl.command.1.tlog
c:\users\hamza\desktop\object oriented systems development\airplane client\airplane client\airplane client\debug\airplane client.tlog\cl.read.1.tlog
c:\users\hamza\desktop\object oriented systems development\airplane client\airplane client\airplane client\debug\airplane client.tlog\cl.write.1.tlog
c:\users\hamza\desktop\object oriented systems development\airplane client\airplane client\airplane client\debug\airplane client.tlog\link.command.1.tlog
c:\users\hamza\desktop\object oriented systems development\airplane client\airplane client\airplane client\debug\airplane client.tlog\link.read.1.tlog
c:\users\hamza\desktop\object oriented systems development\airplane client\airplane client\airplane client\debug\airplane client.tlog\link.write.1.tlog
