Mon Mar 27 22:36:15 2017
111,  510,  53.24,2.39, 48.35, 11.78,  4064,  21, 176827, 530.156
Mon Mar 27 22:36:15 2017
111,  498,  53.12,2.51, 48.35, 11.78,  7786.6,  25, 176641, 521.526
Mon Mar 27 22:36:15 2017
111,  501,  53,2.63, 48.35, 11.78,  14803.5,  23, 176477, 512.855
Mon Mar 27 22:36:15 2017
111,  534,  52.88,2.75, 48.35, 11.78,  19244.6,  25, 176293, 503.625
Mon Mar 27 22:36:15 2017
111,  612,  52.74,2.9, 48.35, 11.78,  25018,  23, 176103, 493.064
Mon Mar 27 22:36:15 2017
111,  567,  52.6,3.03, 48.35, 11.78,  32523.4,  23, 175912, 483.298
Mon Mar 27 22:36:15 2017
111,  622,  52.46,3.17, 48.35, 11.78,  42280.4,  25, 175718, 472.607
Mon Mar 27 22:36:15 2017
111,  594,  52.32,3.31, 48.35, 11.78,  42386.4,  22, 175553, 462.422
Mon Mar 27 22:36:15 2017
111,  515,  52.2,3.43, 48.35, 11.78,  42479.4,  24, 175368, 453.612
Mon Mar 27 22:36:15 2017
111,  542,  52.07,3.56, 48.35, 11.78,  42644.4,  24, 175173, 444.364
Mon Mar 27 22:36:15 2017
447,  535,  51.34,-0.33, 49.01, 2.55,  3148,  20, 176823, 205.46
Mon Mar 27 22:36:15 2017
111,  524,  51.95,3.68, 48.35, 11.78,  42530.4,  23, 175003, 435.448
Mon Mar 27 22:36:15 2017
447,  490,  51.23,-0.21, 49.01, 2.55,  2518.4,  25, 176647, 196.176
Mon Mar 27 22:36:15 2017
447,  534,  51.1,-0.09, 49.01, 2.55,  2014.72,  22, 176462, 186.056
Mon Mar 27 22:36:15 2017
447,  516,  50.98,0.03, 49.01, 2.55,  1611.78,  20, 176265, 176.276
Mon Mar 27 22:36:15 2017
447,  604,  50.84,0.17, 49.01, 2.55,  1289.42,  22, 176078, 164.828
Mon Mar 27 22:36:15 2017
447,  575,  50.71,0.31, 49.01, 2.55,  1031.54,  25, 175886, 153.931
Mon Mar 27 22:36:15 2017
447,  558,  50.58,0.44, 49.01, 2.55,  825.229,  23, 175700, 143.361
Mon Mar 27 22:36:15 2017
447,  552,  50.45,0.57, 49.01, 2.55,  660.183,  24, 175533, 132.912
Mon Mar 27 22:36:15 2017
447,  534,  50.32,0.69, 49.01, 2.55,  528.147,  23, 175368, 122.815
